<?xml version="1.0" encoding="UTF-8"?>
<!-- Generated by org.testng.reporters.JUnitXMLReporter -->
<testsuite hostname="LPT733-B1" ignored="0" name="Default test" tests="4" failures="0" timestamp="04 Oct 2019 06:21:30 GMT" time="0.062" errors="0">
  <testcase name="test1" time="0.014" classname="testScripts.LoginTest"/>
  <testcase name="test2" time="0.002" classname="testScripts.LoginTest"/>
  <testcase name="test3" time="0.001" classname="testScripts.LoginTest"/>
  <testcase name="test4" time="0.001" classname="testScripts.LoginTest"/>
</testsuite> <!-- Default test -->
