<?xml version="1.0" encoding="UTF-8"?>
<testng-results skipped="0" failed="0" ignored="0" total="4" passed="4">
  <reporter-output>
  </reporter-output>
  <suite name="Default suite" duration-ms="62" started-at="2019-10-04T06:21:30Z" finished-at="2019-10-04T06:21:30Z">
    <groups>
    </groups>
    <test name="Default test" duration-ms="62" started-at="2019-10-04T06:21:30Z" finished-at="2019-10-04T06:21:30Z">
      <class name="testScripts.LoginTest">
        <test-method status="PASS" signature="test1()[pri:0, instance:testScripts.LoginTest@ae45eb6]" name="test1" duration-ms="14" started-at="2019-10-04T06:21:30Z" finished-at="2019-10-04T06:21:30Z">
          <reporter-output>
          </reporter-output>
        </test-method> <!-- test1 -->
        <test-method status="PASS" signature="test2()[pri:0, instance:testScripts.LoginTest@ae45eb6]" name="test2" duration-ms="2" started-at="2019-10-04T06:21:30Z" finished-at="2019-10-04T06:21:30Z">
          <reporter-output>
          </reporter-output>
        </test-method> <!-- test2 -->
        <test-method status="PASS" signature="test3()[pri:0, instance:testScripts.LoginTest@ae45eb6]" name="test3" duration-ms="1" started-at="2019-10-04T06:21:30Z" finished-at="2019-10-04T06:21:30Z">
          <reporter-output>
          </reporter-output>
        </test-method> <!-- test3 -->
        <test-method status="PASS" signature="test4()[pri:0, instance:testScripts.LoginTest@ae45eb6]" name="test4" duration-ms="1" started-at="2019-10-04T06:21:30Z" finished-at="2019-10-04T06:21:30Z">
          <reporter-output>
          </reporter-output>
        </test-method> <!-- test4 -->
      </class> <!-- testScripts.LoginTest -->
    </test> <!-- Default test -->
  </suite> <!-- Default suite -->
</testng-results>
